Command line:
   adclb_isim_beh.exe
     -simmode  gui
     -simrunnum  0
     -socket  33511

Tue Dec 29 12:00:55 2015


 Elaboration Time: 0.03 sec

 Current Memory Usage: 195.85 Meg

 Total Signals          : 28
 Total Nets             : 126
 Total Signal Drivers   : 27
 Total Blocks           : 4
 Total Primitive Blocks : 4
 Total Processes        : 9
 Total Traceable Variables  : 10
 Total Scalar Nets and Variables : 504
Total Line Count : 94

 Total Simulation Time: 0.04 sec

 Current Memory Usage: 271.352 Meg

Tue Dec 29 12:02:13 2015

