Command line:
   tb_isim_beh.exe
     -simmode  gui
     -simrunnum  0
     -socket  34588

Tue Dec 29 11:36:45 2015


 Elaboration Time: 0.03 sec

 Current Memory Usage: 195.949 Meg

 Total Signals          : 37
 Total Nets             : 134
 Total Signal Drivers   : 31
 Total Blocks           : 8
 Total Primitive Blocks : 7
 Total Processes        : 11
 Total Traceable Variables  : 18
 Total Scalar Nets and Variables : 1156
Total Line Count : 108

 Total Simulation Time: 0.04 sec

 Current Memory Usage: 271.45 Meg

Tue Dec 29 11:36:50 2015

